\BOOKMARK [1][-]{section.1}{Introduction}{}
\BOOKMARK [1][-]{section.2}{Motivation}{}
\BOOKMARK [2][-]{subsection.2.1}{Example Architecture}{section.2}
\BOOKMARK [2][-]{subsection.2.2}{Unanticipated Extensions}{section.2}
\BOOKMARK [1][-]{section.3}{Instance Pointcuts}{}
\BOOKMARK [2][-]{subsection.3.1}{Features}{section.3}
\BOOKMARK [3][-]{subsubsection.3.1.1}{Add/Remove Expressions}{subsection.3.1}
\BOOKMARK [3][-]{subsubsection.3.1.2}{Multisets}{subsection.3.1}
\BOOKMARK [2][-]{subsection.3.2}{Refinement and Composition}{section.3}
\BOOKMARK [3][-]{subsubsection.3.2.1}{Referencing and Type Refinement}{subsection.3.2}
\BOOKMARK [3][-]{subsubsection.3.2.2}{Instance Pointcut Composition}{subsection.3.2}
\BOOKMARK [3][-]{subsubsection.3.2.3}{Subset and Superset Relationships}{subsection.3.2}
\BOOKMARK [3][-]{subsubsection.3.2.4}{Checking}{subsection.3.2}
\BOOKMARK [2][-]{subsection.3.3}{Using Instance Pointcuts}{section.3}
\BOOKMARK [3][-]{subsubsection.3.3.1}{Set Access}{subsection.3.3}
\BOOKMARK [3][-]{subsubsection.3.3.2}{Set Monitoring}{subsection.3.3}
\BOOKMARK [2][-]{subsection.3.4}{Compilation of Instance Pointcuts}{section.3}
\BOOKMARK [1][-]{section.4}{Related Work}{}
\BOOKMARK [1][-]{section.5}{Conclusion and Future Work}{}
\BOOKMARK [1][-]{section.6}{References}{}
