\BOOKMARK [1][-]{section.1}{Introduction}{}% 1
\BOOKMARK [1][-]{section.2}{Motivation}{}% 2
\BOOKMARK [2][-]{subsection.2.1}{Example Architecture}{section.2}% 3
\BOOKMARK [2][-]{subsection.2.2}{Unanticipated Extensions}{section.2}% 4
\BOOKMARK [2][-]{subsection.2.3}{Discussion}{section.2}% 5
\BOOKMARK [1][-]{section.3}{Problem Statement}{}% 6
\BOOKMARK [1][-]{section.4}{Instance Pointcuts}{}% 7
\BOOKMARK [2][-]{subsection.4.1}{Add/Remove Expressions}{section.4}% 8
\BOOKMARK [2][-]{subsection.4.2}{Multisets}{section.4}% 9
\BOOKMARK [2][-]{subsection.4.3}{Refinement and Composition}{section.4}% 10
\BOOKMARK [3][-]{subsubsection.4.3.1}{Referencing and Type Refinement}{subsection.4.3}% 11
\BOOKMARK [3][-]{subsubsection.4.3.2}{Instance Pointcut Expression Refinement}{subsection.4.3}% 12
\BOOKMARK [3][-]{subsubsection.4.3.3}{Instance Pointcut Composition}{subsection.4.3}% 13
\BOOKMARK [2][-]{subsection.4.4}{Using Instance Pointcuts}{section.4}% 14
\BOOKMARK [3][-]{subsubsection.4.4.1}{Set Access}{subsection.4.4}% 15
\BOOKMARK [3][-]{subsubsection.4.4.2}{Set Monitoring}{subsection.4.4}% 16
\BOOKMARK [1][-]{section.5}{Compilation of Instance Pointcuts}{}% 17
\BOOKMARK [2][-]{subsection.5.1}{Non-Composite Instance Pointcuts}{section.5}% 18
\BOOKMARK [2][-]{subsection.5.2}{Composite Instance Pointcuts}{section.5}% 19
\BOOKMARK [2][-]{subsection.5.3}{Compiling Plain AspectJ constructs}{section.5}% 20
\BOOKMARK [1][-]{section.6}{Validation}{}% 21
\BOOKMARK [1][-]{section.7}{Related Work}{}% 22
\BOOKMARK [1][-]{section.8}{Conclusion and Future Work}{}% 23
